# JRE version: Java(TM) SE Runtime Environment (11.0.1+13) (build 11.0.1+13-LTS)
# Java VM: Java HotSpot(TM) 64-Bit Server VM (11.0.1+13-LTS, mixed mode, tiered, compressed oops, g1 gc, bsd-amd64)
Heap:
 garbage-first heap   total 262144K, used 72821K [0x0000000700000000, 0x0000000800000000)
  region size 1024K, 66 young (67584K), 7 survivors (7168K)
 Metaspace       used 26126K, capacity 27158K, committed 27312K, reserved 1073152K
  class space    used 3352K, capacity 3807K, committed 3840K, reserved 1048576K
GC Heap History (6 events):
Event: 1.154 GC heap before
{Heap before GC invocations=0 (full 0):
 garbage-first heap   total 262144K, used 23552K [0x0000000700000000, 0x0000000800000000)
  region size 1024K, 24 young (24576K), 0 survivors (0K)
 Metaspace       used 11596K, capacity 11892K, committed 12160K, reserved 1060864K
  class space    used 1236K, capacity 1374K, committed 1408K, reserved 1048576K
}
Event: 1.164 GC heap after
{Heap after GC invocations=1 (full 0):
 garbage-first heap   total 262144K, used 3007K [0x0000000700000000, 0x0000000800000000)
  region size 1024K, 3 young (3072K), 3 survivors (3072K)
 Metaspace       used 11596K, capacity 11892K, committed 12160K, reserved 1060864K
  class space    used 1236K, capacity 1374K, committed 1408K, reserved 1048576K
}
Event: 2.104 GC heap before
{Heap before GC invocations=1 (full 0):
 garbage-first heap   total 262144K, used 33727K [0x0000000700000000, 0x0000000800000000)
  region size 1024K, 34 young (34816K), 3 survivors (3072K)
 Metaspace       used 20319K, capacity 21113K, committed 21296K, reserved 1067008K
  class space    used 2762K, capacity 3112K, committed 3200K, reserved 1048576K
}
Event: 2.121 GC heap after
{Heap after GC invocations=2 (full 0):
 garbage-first heap   total 262144K, used 6366K [0x0000000700000000, 0x0000000800000000)
  region size 1024K, 7 young (7168K), 7 survivors (7168K)
 Metaspace       used 20319K, capacity 21113K, committed 21296K, reserved 1067008K
  class space    used 2762K, capacity 3112K, committed 3200K, reserved 1048576K
}
Event: 9.788 GC heap before
{Heap before GC invocations=3 (full 0):
 garbage-first heap   total 262144K, used 66782K [0x0000000700000000, 0x0000000800000000)
  region size 1024K, 52 young (53248K), 7 survivors (7168K)
 Metaspace       used 25825K, capacity 26894K, committed 27056K, reserved 1073152K
  class space    used 3348K, capacity 3806K, committed 3840K, reserved 1048576K
}
Event: 9.833 GC heap after
{Heap after GC invocations=4 (full 0):
 garbage-first heap   total 262144K, used 13429K [0x0000000700000000, 0x0000000800000000)
  region size 1024K, 7 young (7168K), 7 survivors (7168K)
 Metaspace       used 25825K, capacity 26894K, committed 27056K, reserved 1073152K
  class space    used 3348K, capacity 3806K, committed 3840K, reserved 1048576K
}

